{"name": "TC2 - regression tests", "status": "failed", "statusDetails": {"message": "AssertionError: assert (2 / 1) == 1", "trace": "@allure.title(\"TC2 - regression tests\")\n    @allure.description(\"Test cases to verify 2/1==\")\n    @pytest.mark.regression(reason=\"This is a regression test\")\n    def test_div1():\n>       assert 2 / 1 == 1\nE       assert (2 / 1) == 1\n\nSecond_Month_July-2024\\Date_22_July_2024\\test_Lab180.py:17: AssertionError"}, "description": "Test cases to verify 2/1==", "start": 1721852085754, "stop": 1721852085754, "uuid": "a49541ae-cf91-4a27-b827-b49af685b93b", "historyId": "7ed89cc978f13651753b5ad7c2a58c05", "testCaseId": "7ed89cc978f13651753b5ad7c2a58c05", "fullName": "Second_Month_July-2024.Date_22_July_2024.test_Lab180#test_div1", "labels": [{"name": "tag", "value": "regression(reason='This is a regression test')"}, {"name": "parentSuite", "value": "Second_Month_July-2024.Date_22_July_2024"}, {"name": "suite", "value": "test_Lab180"}, {"name": "host", "value": "B1-L0W115181"}, {"name": "thread", "value": "59956-MainThread"}, {"name": "framework", "value": "pytest"}, {"name": "language", "value": "cpython3"}, {"name": "package", "value": "Second_Month_July-2024.Date_22_July_2024.test_Lab180"}]}